<?xml version="1.0" encoding="UTF-8"?>
<testng-results skipped="0" failed="0" ignored="0" total="1" passed="1">
  <reporter-output>
  </reporter-output>
  <suite name="Surefire suite" duration-ms="11" started-at="2020-02-09T22:48:12 IST" finished-at="2020-02-09T22:48:12 IST">
    <groups>
    </groups>
    <test name="Surefire test" duration-ms="11" started-at="2020-02-09T22:48:12 IST" finished-at="2020-02-09T22:48:12 IST">
      <class name="Cigniti.AppTest">
        <test-method status="PASS" signature="testApp()[pri:0, instance:testApp(Cigniti.AppTest)]" name="testApp" duration-ms="1" started-at="2020-02-09T22:48:12 IST" finished-at="2020-02-09T22:48:12 IST">
          <reporter-output>
          </reporter-output>
        </test-method> <!-- testApp -->
      </class> <!-- Cigniti.AppTest -->
    </test> <!-- Surefire test -->
  </suite> <!-- Surefire suite -->
</testng-results>
