<?xml version="1.0" encoding="UTF-8"?>
<!-- Generated by org.testng.reporters.JUnitXMLReporter -->
<testsuite hostname="Krish" ignored="0" name="Surefire test" tests="6" failures="0" timestamp="2020-02-10T23:30:44 IST" time="0.092" errors="0">
  <testcase name="HybridAppsIOS" time="0.006" classname="Cigniti.AppiumTest"/>
  <testcase name="nativeAppsAndroid" time="0.0" classname="Cigniti.AppiumTest"/>
  <testcase name="DefectPostInJira" time="0.001" classname="Cigniti.RESTAPITest"/>
  <testcase name="DeleteTweet" time="0.0" classname="Cigniti.RESTAPITest"/>
  <testcase name="BrowserTest" time="0.001" classname="Cigniti.SeleniumTest"/>
  <testcase name="UITest" time="0.001" classname="Cigniti.SeleniumTest"/>
</testsuite> <!-- Surefire test -->
